  main.c
D:\My Pet Projects\SpaceShooter\SpaceShooter\main.c(76,37): warning C4244: 'initializing': conversion from 'int' to 'float', possible loss of data
D:\My Pet Projects\SpaceShooter\SpaceShooter\main.c(76,87): warning C4244: 'initializing': conversion from 'int' to 'float', possible loss of data
D:\My Pet Projects\SpaceShooter\SpaceShooter\main.c(90,35): warning C4244: 'initializing': conversion from 'int' to 'float', possible loss of data
D:\My Pet Projects\SpaceShooter\SpaceShooter\main.c(90,67): warning C4244: 'initializing': conversion from 'int' to 'float', possible loss of data
D:\My Pet Projects\SpaceShooter\SpaceShooter\main.c(168,53): warning C4244: 'initializing': conversion from 'int' to 'float', possible loss of data
D:\My Pet Projects\SpaceShooter\SpaceShooter\main.c(168,103): warning C4244: 'initializing': conversion from 'int' to 'float', possible loss of data
D:\My Pet Projects\SpaceShooter\SpaceShooter\main.c(186,61): warning C4244: 'initializing': conversion from 'int' to 'float', possible loss of data
D:\My Pet Projects\SpaceShooter\SpaceShooter\main.c(186,111): warning C4244: 'initializing': conversion from 'int' to 'float', possible loss of data
D:\My Pet Projects\SpaceShooter\SpaceShooter\main.c(237,29): warning C4244: 'initializing': conversion from 'int' to 'float', possible loss of data
D:\My Pet Projects\SpaceShooter\SpaceShooter\main.c(238,29): warning C4244: 'initializing': conversion from 'int' to 'float', possible loss of data
D:\My Pet Projects\SpaceShooter\SpaceShooter\main.c(270,38): warning C4244: '=': conversion from 'int' to 'float', possible loss of data
D:\My Pet Projects\SpaceShooter\SpaceShooter\main.c(284,35): warning C4244: 'function': conversion from 'float' to 'int', possible loss of data
D:\My Pet Projects\SpaceShooter\SpaceShooter\main.c(284,51): warning C4244: 'function': conversion from 'float' to 'int', possible loss of data
D:\My Pet Projects\SpaceShooter\SpaceShooter\main.c(293,59): warning C4244: 'function': conversion from 'float' to 'int', possible loss of data
D:\My Pet Projects\SpaceShooter\SpaceShooter\main.c(293,90): warning C4244: 'function': conversion from 'float' to 'int', possible loss of data
D:\My Pet Projects\SpaceShooter\SpaceShooter\main.c(298,65): warning C4244: 'function': conversion from 'float' to 'int', possible loss of data
D:\My Pet Projects\SpaceShooter\SpaceShooter\main.c(298,83): warning C4244: 'function': conversion from 'float' to 'int', possible loss of data
D:\My Pet Projects\SpaceShooter\SpaceShooter\main.c(308,53): warning C4244: 'function': conversion from 'float' to 'int', possible loss of data
D:\My Pet Projects\SpaceShooter\SpaceShooter\main.c(308,67): warning C4244: 'function': conversion from 'float' to 'int', possible loss of data
D:\My Pet Projects\SpaceShooter\SpaceShooter\main.c(337,73): warning C4244: 'initializing': conversion from 'int' to 'float', possible loss of data
D:\My Pet Projects\SpaceShooter\SpaceShooter\main.c(348,49): warning C4244: 'initializing': conversion from 'int' to 'float', possible loss of data
D:\My Pet Projects\SpaceShooter\SpaceShooter\main.c(348,99): warning C4244: 'initializing': conversion from 'int' to 'float', possible loss of data
D:\My Pet Projects\SpaceShooter\SpaceShooter\main.c(66,60): warning C4244: 'initializing': conversion from 'int' to 'float', possible loss of data
D:\My Pet Projects\SpaceShooter\SpaceShooter\main.c(215,29): warning C4244: 'initializing': conversion from 'double' to 'float', possible loss of data
D:\My Pet Projects\SpaceShooter\SpaceShooter\main.c(216,30): warning C4244: 'initializing': conversion from 'double' to 'float', possible loss of data
D:\My Pet Projects\SpaceShooter\SpaceShooter\main.c(226,32): warning C4244: 'initializing': conversion from 'double' to 'float', possible loss of data
  LINK : D:\My Pet Projects\SpaceShooter\x64\Debug\SpaceShooter.exe not found or not built by the last incremental link; performing full link
LINK : warning LNK4098: defaultlib 'MSVCRT' conflicts with use of other libs; use /NODEFAULTLIB:library
  SpaceShooter.vcxproj -> D:\My Pet Projects\SpaceShooter\x64\Debug\SpaceShooter.exe
  0 File(s) copied
