  main.c
C:\Users\HP\source\repos\SpaceShooter\SpaceShooter\main.c(76,37): warning C4244: 'initializing': conversion from 'int' to 'float', possible loss of data
C:\Users\HP\source\repos\SpaceShooter\SpaceShooter\main.c(76,87): warning C4244: 'initializing': conversion from 'int' to 'float', possible loss of data
C:\Users\HP\source\repos\SpaceShooter\SpaceShooter\main.c(90,35): warning C4244: 'initializing': conversion from 'int' to 'float', possible loss of data
C:\Users\HP\source\repos\SpaceShooter\SpaceShooter\main.c(90,67): warning C4244: 'initializing': conversion from 'int' to 'float', possible loss of data
C:\Users\HP\source\repos\SpaceShooter\SpaceShooter\main.c(167,53): warning C4244: 'initializing': conversion from 'int' to 'float', possible loss of data
C:\Users\HP\source\repos\SpaceShooter\SpaceShooter\main.c(167,103): warning C4244: 'initializing': conversion from 'int' to 'float', possible loss of data
C:\Users\HP\source\repos\SpaceShooter\SpaceShooter\main.c(185,61): warning C4244: 'initializing': conversion from 'int' to 'float', possible loss of data
C:\Users\HP\source\repos\SpaceShooter\SpaceShooter\main.c(185,111): warning C4244: 'initializing': conversion from 'int' to 'float', possible loss of data
C:\Users\HP\source\repos\SpaceShooter\SpaceShooter\main.c(236,29): warning C4244: 'initializing': conversion from 'int' to 'float', possible loss of data
C:\Users\HP\source\repos\SpaceShooter\SpaceShooter\main.c(237,29): warning C4244: 'initializing': conversion from 'int' to 'float', possible loss of data
C:\Users\HP\source\repos\SpaceShooter\SpaceShooter\main.c(269,38): warning C4244: '=': conversion from 'int' to 'float', possible loss of data
C:\Users\HP\source\repos\SpaceShooter\SpaceShooter\main.c(283,35): warning C4244: 'function': conversion from 'float' to 'int', possible loss of data
C:\Users\HP\source\repos\SpaceShooter\SpaceShooter\main.c(283,51): warning C4244: 'function': conversion from 'float' to 'int', possible loss of data
C:\Users\HP\source\repos\SpaceShooter\SpaceShooter\main.c(292,59): warning C4244: 'function': conversion from 'float' to 'int', possible loss of data
C:\Users\HP\source\repos\SpaceShooter\SpaceShooter\main.c(292,90): warning C4244: 'function': conversion from 'float' to 'int', possible loss of data
C:\Users\HP\source\repos\SpaceShooter\SpaceShooter\main.c(297,65): warning C4244: 'function': conversion from 'float' to 'int', possible loss of data
C:\Users\HP\source\repos\SpaceShooter\SpaceShooter\main.c(297,83): warning C4244: 'function': conversion from 'float' to 'int', possible loss of data
C:\Users\HP\source\repos\SpaceShooter\SpaceShooter\main.c(307,53): warning C4244: 'function': conversion from 'float' to 'int', possible loss of data
C:\Users\HP\source\repos\SpaceShooter\SpaceShooter\main.c(307,67): warning C4244: 'function': conversion from 'float' to 'int', possible loss of data
C:\Users\HP\source\repos\SpaceShooter\SpaceShooter\main.c(336,73): warning C4244: 'initializing': conversion from 'int' to 'float', possible loss of data
C:\Users\HP\source\repos\SpaceShooter\SpaceShooter\main.c(347,49): warning C4244: 'initializing': conversion from 'int' to 'float', possible loss of data
C:\Users\HP\source\repos\SpaceShooter\SpaceShooter\main.c(347,99): warning C4244: 'initializing': conversion from 'int' to 'float', possible loss of data
C:\Users\HP\source\repos\SpaceShooter\SpaceShooter\main.c(66,60): warning C4244: 'initializing': conversion from 'int' to 'float', possible loss of data
C:\Users\HP\source\repos\SpaceShooter\SpaceShooter\main.c(214,29): warning C4244: 'initializing': conversion from 'double' to 'float', possible loss of data
C:\Users\HP\source\repos\SpaceShooter\SpaceShooter\main.c(215,30): warning C4244: 'initializing': conversion from 'double' to 'float', possible loss of data
C:\Users\HP\source\repos\SpaceShooter\SpaceShooter\main.c(225,32): warning C4244: 'initializing': conversion from 'double' to 'float', possible loss of data
  SpaceShooter.vcxproj -> C:\Users\HP\source\repos\SpaceShooter\x64\Debug\SpaceShooter.exe
  0 File(s) copied
